
Showing logs for build [32mablazleon-myserver-master-78dz9-1[0m stage [32mfrom-build-pack[0m and container [32mcredential-initializer[0m
{"level":"info","ts":1596648099.488557,"caller":"creds-init/main.go:44","msg":"Credentials initialized."}

Showing logs for build [32mablazleon-myserver-master-78dz9-1[0m stage [32mfrom-build-pack[0m and container [32mworking-dir-initializer[0m

Showing logs for build [32mablazleon-myserver-master-78dz9-1[0m stage [32mfrom-build-pack[0m and container [32mplace-tools[0m

Showing logs for build [32mablazleon-myserver-master-78dz9-1[0m stage [32mfrom-build-pack[0m and container [32mstep-git-source-ablazleon-myserver-master-78dz9-cbjzh[0m
{"level":"info","ts":1596648131.8628414,"caller":"git/git.go:105","msg":"Successfully cloned https://github.com/*********/myserver.git @ v0.0.1 in path /workspace/source"}
{"level":"warn","ts":1596648131.862946,"caller":"git/git.go:152","msg":"Unexpected error: creating symlink: symlink /tekton/home/.ssh /root/.ssh: file exists"}
{"level":"info","ts":1596648131.934416,"caller":"git/git.go:133","msg":"Successfully initialized and updated submodules in path /workspace/source"}

Showing logs for build [32mablazleon-myserver-master-78dz9-1[0m stage [32mfrom-build-pack[0m and container [32mstep-setup-builder-home[0m

Showing logs for build [32mablazleon-myserver-master-78dz9-1[0m stage [32mfrom-build-pack[0m and container [32mstep-git-merge[0m
Using SHAs from PULL_REFS=master:
WARNING: no SHAs to merge, falling back to initial cloned commit

Showing logs for build [32mablazleon-myserver-master-78dz9-1[0m stage [32mfrom-build-pack[0m and container [32mstep-setup-jx-git-credentials[0m
Generated Git credentials file /workspace/xdg_config/git/credentials

Showing logs for build [32mablazleon-myserver-master-78dz9-1[0m stage [32mfrom-build-pack[0m and container [32mstep-build-npmrc[0m
WARNING: failed to find Secret npm-token in namespace **

Showing logs for build [32mablazleon-myserver-master-78dz9-1[0m stage [32mfrom-build-pack[0m and container [32mstep-build-npm-install[0m
npm notice created a lockfile as package-lock.json. You should commit this file.
npm WARN REPLACE_ME@1.0.0 No repository field.
npm WARN REPLACE_ME@1.0.0 No license field.

up to date in 0.353s
found 0 vulnerabilities


Showing logs for build [32mablazleon-myserver-master-78dz9-1[0m stage [32mfrom-build-pack[0m and container [32mstep-build-npm-test[0m

> REPLACE_ME@1.0.0 test /workspace/source
> echo "no test specified" && exit 0

no test specified

Showing logs for build [32mablazleon-myserver-master-78dz9-1[0m stage [32mfrom-build-pack[0m and container [32mstep-build-container-build[0m
E0805 17:22:17.990460      10 aws_credentials.go:77] while getting AWS credentials NoCredentialProviders: no valid providers in chain. Deprecated.
	For verbose messaging see aws.Config.CredentialsChainVerboseErrors
[36mINFO[0m[0001] Using dockerignore file: /workspace/source/.dockerignore 
[36mINFO[0m[0001] Retrieving image manifest node:9-slim        
E0805 17:22:18.409863      10 metadata.go:154] while reading 'google-dockercfg' metadata: http status code: 404 while fetching url http://metadata.google.internal./computeMetadata/v1/instance/attributes/google-dockercfg
E0805 17:22:18.413444      10 metadata.go:166] while reading 'google-dockercfg-url' metadata: http status code: 404 while fetching url http://metadata.google.internal./computeMetadata/v1/instance/attributes/google-dockercfg-url
[36mINFO[0m[0002] Retrieving image manifest node:9-slim        
[36mINFO[0m[0003] Built cross stage deps: map[]                
[36mINFO[0m[0003] Retrieving image manifest node:9-slim        
[36mINFO[0m[0004] Retrieving image manifest node:9-slim        
[36mINFO[0m[0005] Executing 0 build triggers                   
[36mINFO[0m[0005] cmd: EXPOSE                                  
[36mINFO[0m[0005] Adding exposed port: 8080/tcp                
[36mINFO[0m[0005] Checking for cached layer gcr.io/striking-joy-285411/cache:fc6b2523dc5009a080b91c4cf53415841e0150be5689a21d0cb1d4c8fd593cac... 
[36mINFO[0m[0006] No cached layer found for cmd COPY . .       
[36mINFO[0m[0006] Unpacking rootfs as cmd COPY . . requires it. 
[36mINFO[0m[0012] ENV PORT 8080                                
[36mINFO[0m[0012] No files changed in this command, skipping snapshotting. 
[36mINFO[0m[0012] EXPOSE 8080                                  
[36mINFO[0m[0012] cmd: EXPOSE                                  
[36mINFO[0m[0012] Adding exposed port: 8080/tcp                
[36mINFO[0m[0012] No files changed in this command, skipping snapshotting. 
[36mINFO[0m[0012] WORKDIR /usr/src/app                         
[36mINFO[0m[0012] cmd: workdir                                 
[36mINFO[0m[0012] Changed working directory to /usr/src/app    
[36mINFO[0m[0012] Creating directory /usr/src/app              
[36mINFO[0m[0012] Resolving 1 paths                            
[36mINFO[0m[0012] Taking snapshot of files...                  
[36mINFO[0m[0012] COPY . .                                     
[36mINFO[0m[0012] Resolving 128 paths                          
[36mINFO[0m[0012] Taking snapshot of files...                  
[36mINFO[0m[0012] Pushing layer gcr.io/striking-joy-285411/cache:fc6b2523dc5009a080b91c4cf53415841e0150be5689a21d0cb1d4c8fd593cac to cache now 
[36mINFO[0m[0012] CMD ["npm", "start"]                         
[36mINFO[0m[0012] No files changed in this command, skipping snapshotting. 

Showing logs for build [32mablazleon-myserver-master-78dz9-1[0m stage [32mfrom-build-pack[0m and container [32mstep-build-post-build[0m
no CVE provider running in the current ** namespace so skip adding image to be analysed

Showing logs for build [32mablazleon-myserver-master-78dz9-1[0m stage [32mfrom-build-pack[0m and container [32mstep-promote-changelog[0m
Converted /workspace/source/charts/myserver to an unshallow repository
Generating change log from git ref 9e0bc49814f29a7d1a588fbf3e0e4fe0d95e9ae9 => a0141ef3d815134e641915917628a1e978634846
Associating user ********* in users.jenkins.io with email *********@gmail.com to git GitProvider user with login *********-1 as emails match
Adding label jenkins.io/git-github-userid=*********-1 to user ********* in users.jenkins.io
Associating user ********* in users.jenkins.io with email *********@gmail.com to git GitProvider user with login *********-1 as emails match
Adding label jenkins.io/git-github-userid=*********-1 to user ********* in users.jenkins.io
Finding issues in commit messages using git format
WARNING: No release found for *********/myserver and tag v0.0.1 so creating a new release
Updated the release information at https://github.com/*********/myserver/releases/tag/v0.0.1
generated: /workspace/source/charts/myserver/templates/release.yaml
Created Release myserver-0-0-1 resource in namespace **
Updating PipelineActivity *********-myserver-master-1 with version 0.0.1
Updated PipelineActivities *********-myserver-master-1 with release notes URL: https://github.com/*********/myserver/releases/tag/v0.0.1

Showing logs for build [32mablazleon-myserver-master-78dz9-1[0m stage [32mfrom-build-pack[0m and container [32mstep-promote-helm-release[0m
WARNING: No $CHART_REPOSITORY defined so using the default value of: http://jenkins-x-chartmuseum:8080
Adding missing Helm repo: storage.googleapis.com https://storage.googleapis.com/chartmuseum.jenkins-x.io
Successfully added Helm repository storage.googleapis.com.
Adding missing Helm repo: jenkins-x-chartmuseum http://jenkins-x-chartmuseum:8080
Successfully added Helm repository jenkins-x-chartmuseum.
WARNING: No $CHART_REPOSITORY defined so using the default value of: http://jenkins-x-chartmuseum:8080
Uploading chart file myserver-0.0.1.tgz to http://jenkins-x-chartmuseum:8080/api/charts
Received 201 response: {"saved":true}

Showing logs for build [32mablazleon-myserver-master-78dz9-1[0m stage [32mfrom-build-pack[0m and container [32mstep-promote-jx-promote[0m
WARNING: prow based install so skip waiting for the merge of Pull Requests to go green as currently there is an issue with gettingstatuses from the PR, see https://github.com/jenkins-x/**/issues/2410
WARNING: No $CHART_REPOSITORY defined so using the default value of: http://jenkins-x-chartmuseum:8080
Promoting app myserver version 0.0.1 to namespace **-staging
Created Pull Request: https://github.com/*********/environment-myinfra-staging/pull/6
Added label updatebot to Pull Request https://github.com/*********/environment-myinfra-staging/pull/6
got git provider status pending from PR https://github.com/*********/environment-myinfra-staging/pull/6
got git provider status pending from PR https://github.com/*********/environment-myinfra-staging/pull/6
got git provider status pending from PR https://github.com/*********/environment-myinfra-staging/pull/6
got git provider status pending from PR https://github.com/*********/environment-myinfra-staging/pull/6
got git provider status pending from PR https://github.com/*********/environment-myinfra-staging/pull/6
got git provider status pending from PR https://github.com/*********/environment-myinfra-staging/pull/6
Pull Request https://github.com/*********/environment-myinfra-staging/pull/6 is merged at sha b841acffc8594f5fff33e9e2ac57e295b3826efe
Pull Request merged but we are not waiting for the update pipeline to complete!
WARNING: Could not find the service URL in namespace **-staging for names myserver, **-myserver, **-staging-myserver
